#
# There is insufficient memory for the Java Runtime Environment to continue.
# Native memory allocation (malloc) failed to allocate 1048576 bytes. Error detail: AllocateHeap
# Possible reasons:
#   The system is out of physical RAM or swap space
#   This process is running with CompressedOops enabled, and the Java Heap may be blocking the growth of the native heap
# Possible solutions:
#   Reduce memory load on the system
#   Increase physical memory or swap space
#   Check if swap backing store is full
#   Decrease Java heap size (-Xmx/-Xms)
#   Decrease number of Java threads
#   Decrease Java thread stack sizes (-Xss)
#   Set larger code cache with -XX:ReservedCodeCacheSize=
#   JVM is running with Unscaled Compressed Oops mode in which the Java heap is
#     placed in the first 4GB address space. The Java Heap base address is the
#     maximum limit for the native heap growth. Please use -XX:HeapBaseMinAddress
#     to set the Java Heap base and to place the Java Heap above 4GB virtual address.
# This output file may be truncated or incomplete.
#
#  Out of Memory Error (allocation.cpp:44), pid=22428, tid=19176
#
# JRE version: OpenJDK Runtime Environment Temurin-21.0.10+7 (21.0.10+7) (build 21.0.10+7-LTS)
# Java VM: OpenJDK 64-Bit Server VM Temurin-21.0.10+7 (21.0.10+7-LTS, mixed mode, sharing, tiered, compressed oops, compressed class ptrs, parallel gc, windows-amd64)
# No core dump will be written. Minidumps are not enabled by default on client versions of Windows
#

---------------  S U M M A R Y ------------

Command Line: --add-modules=ALL-SYSTEM --add-opens=java.base/java.util=ALL-UNNAMED --add-opens=java.base/java.lang=ALL-UNNAMED --add-opens=java.base/sun.nio.fs=ALL-UNNAMED -Declipse.application=org.eclipse.jdt.ls.core.id1 -Dosgi.bundles.defaultStartLevel=4 -Declipse.product=org.eclipse.jdt.ls.core.product -Djava.import.generatesMetadataFilesAtProjectRoot=false -DDetectVMInstallationsJob.disabled=true -Dfile.encoding=utf8 -XX:+UseParallelGC -XX:GCTimeRatio=4 -XX:AdaptiveSizePolicyWeight=90 -Dsun.zip.disableMemoryMapping=true -Xmx2G -Xms100m -Xlog:disable -javaagent:c:\Users\Admin\.vscode\extensions\redhat.java-1.54.0-win32-x64\lombok\lombok-1.18.39-4050.jar -XX:+HeapDumpOnOutOfMemoryError -XX:HeapDumpPath=c:\Users\Admin\AppData\Roaming\Code\User\workspaceStorage\fc297eb8c37c50de440fdb3ff4399418\redhat.java -Daether.dependencyCollector.impl=bf c:\Users\Admin\.vscode\extensions\redhat.java-1.54.0-win32-x64\server\plugins\org.eclipse.equinox.launcher_1.7.100.v20251111-0406.jar -configuration c:\Users\Admin\AppData\Roaming\Code\User\globalStorage\redhat.java\1.54.0\config_win -data c:\Users\Admin\AppData\Roaming\Code\User\workspaceStorage\fc297eb8c37c50de440fdb3ff4399418\redhat.java\jdt_ws --pipe=\\.\pipe\lsp-fa69d869e8f8ace31ec7abe918be8005-sock

Host: Intel(R) Core(TM) i7-8650U CPU @ 1.90GHz, 8 cores, 15G,  Windows 11 , 64 bit Build 26100 (10.0.26100.8246)
Time: Sun Apr 26 13:54:15 2026 India Standard Time elapsed time: 134264.706747 seconds (1d 13h 17m 44s)

---------------  T H R E A D  ---------------

Current thread (0x000001fca8488f90):  JavaThread "Attach Listener" daemon [_thread_in_vm, id=19176, stack(0x000000eb72400000,0x000000eb72500000) (1024K)]

Stack: [0x000000eb72400000,0x000000eb72500000]
Native frames: (J=compiled Java code, j=interpreted, Vv=VM code, C=native code)
V  [jvm.dll+0x6d7a39]
V  [jvm.dll+0x8b4b26]
V  [jvm.dll+0x8b70de]
V  [jvm.dll+0x8b77c3]
V  [jvm.dll+0x284346]
V  [jvm.dll+0xc1277]
V  [jvm.dll+0x6d82e9]
V  [jvm.dll+0x1334a6]
V  [jvm.dll+0x3f857e]
V  [jvm.dll+0x85f59d]
V  [jvm.dll+0x6d626d]
C  [ucrtbase.dll+0x37b0]
C  [KERNEL32.DLL+0x2e8d7]
C  [ntdll.dll+0x8c3fc]


---------------  P R O C E S S  ---------------

Threads class SMR info:
_java_thread_list=0x000001fd097da600, length=35, elements={
0x000001fca850b680, 0x000001fca85c9670, 0x000001fca85cb620, 0x000001fca8488330,
0x000001fca8488f90, 0x000001fca848d7d0, 0x000001fca848e9b0, 0x000001fca849b010,
0x000001fca849c530, 0x000001fd019635a0, 0x000001fd01a807e0, 0x000001fd065642d0,
0x000001fd068bef70, 0x000001fd063857a0, 0x000001fd062abd30, 0x000001fd06790010,
0x000001fd067aaf00, 0x000001fd0684dad0, 0x000001fd062eb4d0, 0x000001fd062ec880,
0x000001fd08705510, 0x000001fd08703ad0, 0x000001fd08704160, 0x000001fd08702db0,
0x000001fd08704e80, 0x000001fd08702090, 0x000001fd08703440, 0x000001fd08702720,
0x000001fd087047f0, 0x000001fd08f6ca20, 0x000001fd08f6d740, 0x000001fd08f6ddd0,
0x000001fd062e9a90, 0x000001fd12922ba0, 0x000001fd12924c70
}

Java Threads: ( => current thread )
  0x000001fca850b680 JavaThread "main"                              [_thread_blocked, id=3152, stack(0x000000eb71d00000,0x000000eb71e00000) (1024K)]
  0x000001fca85c9670 JavaThread "Reference Handler"          daemon [_thread_blocked, id=22584, stack(0x000000eb72100000,0x000000eb72200000) (1024K)]
  0x000001fca85cb620 JavaThread "Finalizer"                  daemon [_thread_blocked, id=5144, stack(0x000000eb72200000,0x000000eb72300000) (1024K)]
  0x000001fca8488330 JavaThread "Signal Dispatcher"          daemon [_thread_blocked, id=1928, stack(0x000000eb72300000,0x000000eb72400000) (1024K)]
=>0x000001fca8488f90 JavaThread "Attach Listener"            daemon [_thread_in_vm, id=19176, stack(0x000000eb72400000,0x000000eb72500000) (1024K)]
  0x000001fca848d7d0 JavaThread "Service Thread"             daemon [_thread_blocked, id=4992, stack(0x000000eb72500000,0x000000eb72600000) (1024K)]
  0x000001fca848e9b0 JavaThread "Monitor Deflation Thread"   daemon [_thread_blocked, id=18404, stack(0x000000eb72600000,0x000000eb72700000) (1024K)]
  0x000001fca849b010 JavaThread "C2 CompilerThread0"         daemon [_thread_blocked, id=3428, stack(0x000000eb72700000,0x000000eb72800000) (1024K)]
  0x000001fca849c530 JavaThread "C1 CompilerThread0"         daemon [_thread_blocked, id=20544, stack(0x000000eb72800000,0x000000eb72900000) (1024K)]
  0x000001fd019635a0 JavaThread "Common-Cleaner"             daemon [_thread_blocked, id=20620, stack(0x000000eb72a00000,0x000000eb72b00000) (1024K)]
  0x000001fd01a807e0 JavaThread "Notification Thread"        daemon [_thread_blocked, id=2544, stack(0x000000eb72b00000,0x000000eb72c00000) (1024K)]
  0x000001fd065642d0 JavaThread "Active Thread: Equinox Container: edc24dba-6778-4391-ab23-86639414c2c6"        [_thread_blocked, id=17636, stack(0x000000eb73300000,0x000000eb73400000) (1024K)]
  0x000001fd068bef70 JavaThread "Refresh Thread: Equinox Container: edc24dba-6778-4391-ab23-86639414c2c6" daemon [_thread_blocked, id=13660, stack(0x000000eb72c00000,0x000000eb72d00000) (1024K)]
  0x000001fd063857a0 JavaThread "Framework Event Dispatcher: Equinox Container: edc24dba-6778-4391-ab23-86639414c2c6" daemon [_thread_blocked, id=1756, stack(0x000000eb73400000,0x000000eb73500000) (1024K)]
  0x000001fd062abd30 JavaThread "Start Level: Equinox Container: edc24dba-6778-4391-ab23-86639414c2c6" daemon [_thread_blocked, id=20972, stack(0x000000eb73500000,0x000000eb73600000) (1024K)]
  0x000001fd06790010 JavaThread "Bundle File Closer"         daemon [_thread_blocked, id=22136, stack(0x000000eb73700000,0x000000eb73800000) (1024K)]
  0x000001fd067aaf00 JavaThread "SCR Component Actor"        daemon [_thread_blocked, id=11912, stack(0x000000eb73600000,0x000000eb73700000) (1024K)]
  0x000001fd0684dad0 JavaThread "Worker-JM"                         [_thread_blocked, id=12432, stack(0x000000eb73900000,0x000000eb73a00000) (1024K)]
  0x000001fd062eb4d0 JavaThread "JNA Cleaner"                daemon [_thread_blocked, id=19256, stack(0x000000eb73a00000,0x000000eb73b00000) (1024K)]
  0x000001fd062ec880 JavaThread "Java indexing"              daemon [_thread_blocked, id=8852, stack(0x000000eb73e00000,0x000000eb73f00000) (1024K)]
  0x000001fd08705510 JavaThread "Thread-1"                   daemon [_thread_in_native, id=22608, stack(0x000000eb74700000,0x000000eb74800000) (1024K)]
  0x000001fd08703ad0 JavaThread "Thread-2"                   daemon [_thread_in_native, id=20240, stack(0x000000eb74800000,0x000000eb74900000) (1024K)]
  0x000001fd08704160 JavaThread "Thread-3"                   daemon [_thread_in_native, id=21544, stack(0x000000eb74900000,0x000000eb74a00000) (1024K)]
  0x000001fd08702db0 JavaThread "Thread-4"                   daemon [_thread_in_native, id=22336, stack(0x000000eb74a00000,0x000000eb74b00000) (1024K)]
  0x000001fd08704e80 JavaThread "Thread-5"                   daemon [_thread_in_native, id=23216, stack(0x000000eb74b00000,0x000000eb74c00000) (1024K)]
  0x000001fd08702090 JavaThread "Thread-6"                   daemon [_thread_in_native, id=9796, stack(0x000000eb74c00000,0x000000eb74d00000) (1024K)]
  0x000001fd08703440 JavaThread "Thread-7"                   daemon [_thread_in_native, id=10200, stack(0x000000eb74d00000,0x000000eb74e00000) (1024K)]
  0x000001fd08702720 JavaThread "Thread-8"                   daemon [_thread_in_native, id=21744, stack(0x000000eb74e00000,0x000000eb74f00000) (1024K)]
  0x000001fd087047f0 JavaThread "Thread-9"                   daemon [_thread_in_native, id=13924, stack(0x000000eb74f00000,0x000000eb75000000) (1024K)]
  0x000001fd08f6ca20 JavaThread "pool-2-thread-1"                   [_thread_blocked, id=21512, stack(0x000000eb75000000,0x000000eb75100000) (1024K)]
  0x000001fd08f6d740 JavaThread "WorkspaceEventsHandler"            [_thread_blocked, id=22112, stack(0x000000eb75200000,0x000000eb75300000) (1024K)]
  0x000001fd08f6ddd0 JavaThread "pool-1-thread-1"                   [_thread_blocked, id=2668, stack(0x000000eb75300000,0x000000eb75400000) (1024K)]
  0x000001fd062e9a90 JavaThread "Cleaner-0"                  daemon [_thread_blocked, id=22356, stack(0x000000eb75400000,0x000000eb75500000) (1024K)]
  0x000001fd12922ba0 JavaThread "Worker-14"                         [_thread_blocked, id=15644, stack(0x000000eb74300000,0x000000eb74400000) (1024K)]
  0x000001fd12924c70 JavaThread "Worker-15"                         [_thread_blocked, id=588, stack(0x000000eb73f00000,0x000000eb74000000) (1024K)]
Total: 35

Other Threads:
  0x000001fca85ae730 VMThread "VM Thread"                           [id=22364, stack(0x000000eb72000000,0x000000eb72100000) (1024K)]
  0x000001fca839ca00 WatcherThread "VM Periodic Task Thread"        [id=17540, stack(0x000000eb71f00000,0x000000eb72000000) (1024K)]
  0x000001fca8529790 WorkerThread "GC Thread#0"                     [id=22128, stack(0x000000eb71e00000,0x000000eb71f00000) (1024K)]
  0x000001fd065e3670 WorkerThread "GC Thread#1"                     [id=1528, stack(0x000000eb72d00000,0x000000eb72e00000) (1024K)]
  0x000001fd065e3a20 WorkerThread "GC Thread#2"                     [id=2948, stack(0x000000eb72e00000,0x000000eb72f00000) (1024K)]
  0x000001fd065e2f10 WorkerThread "GC Thread#3"                     [id=15256, stack(0x000000eb72f00000,0x000000eb73000000) (1024K)]
  0x000001fd065e32c0 WorkerThread "GC Thread#4"                     [id=19088, stack(0x000000eb73000000,0x000000eb73100000) (1024K)]
  0x000001fd065e3dd0 WorkerThread "GC Thread#5"                     [id=1576, stack(0x000000eb73100000,0x000000eb73200000) (1024K)]
  0x000001fd065e2b60 WorkerThread "GC Thread#6"                     [id=22732, stack(0x000000eb73200000,0x000000eb73300000) (1024K)]
  0x000001fd06ab49b0 WorkerThread "GC Thread#7"                     [id=21348, stack(0x000000eb72900000,0x000000eb72a00000) (1024K)]
Total: 10

Threads with active compile tasks:
Total: 0

VM state: not at safepoint (normal execution)

VM Mutex/Monitor currently owned by a thread: None

Heap address: 0x0000000080000000, size: 2048 MB, Compressed Oops mode: 32-bit

CDS archive(s) mapped at: [0x000001fcbf000000-0x000001fcbfba0000-0x000001fcbfba0000), size 12189696, SharedBaseAddress: 0x000001fcbf000000, ArchiveRelocationMode: 1.
Compressed class space mapped at: 0x000001fcc0000000-0x000001fd00000000, reserved size: 1073741824
Narrow klass base: 0x000001fcbf000000, Narrow klass shift: 0, Narrow klass range: 0x100000000

GC Precious Log:
 CardTable entry size: 512
 CPUs: 8 total, 8 available
 Memory: 16227M
 Large Page Support: Disabled
 NUMA Support: Disabled
 Compressed Oops: Enabled (32-bit)
 Alignments: Space 512K, Generation 512K, Heap 2M
 Heap Min Capacity: 100M
 Heap Initial Capacity: 100M
 Heap Max Capacity: 2G
 Pre-touch: Disabled
 Parallel Workers: 8

Heap:
 PSYoungGen      total 18432K, used 3578K [0x00000000d5580000, 0x00000000d6b80000, 0x0000000100000000)
  eden space 17408K, 15% used [0x00000000d5580000,0x00000000d5812990,0x00000000d6680000)
  from space 1024K, 92% used [0x00000000d6980000,0x00000000d6a6c010,0x00000000d6a80000)
  to   space 1024K, 0% used [0x00000000d6a80000,0x00000000d6a80000,0x00000000d6b80000)
 ParOldGen       total 80384K, used 80210K [0x0000000080000000, 0x0000000084e80000, 0x00000000d5580000)
  object space 80384K, 99% used [0x0000000080000000,0x0000000084e54b30,0x0000000084e80000)
 Metaspace       used 77045K, committed 78720K, reserved 1179648K
  class space    used 8104K, committed 8832K, reserved 1048576K

Card table byte_map: [0x000001fca7eb0000,0x000001fca82c0000] _byte_map_base: 0x000001fca7ab0000

Marking Bits: (ParMarkBitMap*) 0x00007ffe555c3450
 Begin Bits: [0x000001fcba9c0000, 0x000001fcbc9c0000)
 End Bits:   [0x000001fcbc9c0000, 0x000001fcbe9c0000)

Polling page: 0x000001fca6360000

Metaspace:

Usage:
  Non-class:     67.33 MB used.
      Class:      7.91 MB used.
       Both:     75.24 MB used.

Virtual space:
  Non-class space:      128.00 MB reserved,      68.25 MB ( 53%) committed,  2 nodes.
      Class space:        1.00 GB reserved,       8.62 MB ( <1%) committed,  1 nodes.
             Both:        1.12 GB reserved,      76.88 MB (  7%) committed. 

Chunk freelists:
   Non-Class:  11.79 MB
       Class:  7.41 MB
        Both:  19.20 MB

MaxMetaspaceSize: unlimited
CompressedClassSpaceSize: 1.00 GB
Initial GC threshold: 21.00 MB
Current GC threshold: 97.31 MB
CDS: on
 - commit_granule_bytes: 65536.
 - commit_granule_words: 8192.
 - virtual_space_node_default_size: 8388608.
 - enlarge_chunks_in_place: 1.
 - use_allocation_guard: 0.


Internal statistics:

num_allocs_failed_limit: 9.
num_arena_births: 1348.
num_arena_deaths: 14.
num_vsnodes_births: 3.
num_vsnodes_deaths: 0.
num_space_committed: 1230.
num_space_uncommitted: 0.
num_chunks_returned_to_freelist: 23.
num_chunks_taken_from_freelist: 5012.
num_chunk_merges: 10.
num_chunk_splits: 2965.
num_chunks_enlarged: 1525.
num_inconsistent_stats: 0.

CodeHeap 'non-profiled nmethods': size=120000Kb used=10466Kb max_used=10466Kb free=109533Kb
 bounds [0x000001fcb31e0000, 0x000001fcb3c20000, 0x000001fcba710000]
CodeHeap 'profiled nmethods': size=120000Kb used=32921Kb max_used=32921Kb free=87078Kb
 bounds [0x000001fcab710000, 0x000001fcad740000, 0x000001fcb2c40000]
CodeHeap 'non-nmethods': size=5760Kb used=1504Kb max_used=1581Kb free=4255Kb
 bounds [0x000001fcb2c40000, 0x000001fcb2eb0000, 0x000001fcb31e0000]
CodeCache: size=245760Kb, used=44891Kb, max_used=44968Kb, free=200866Kb
 total_blobs=14248, nmethods=13428, adapters=722, full_count=0
Compilation: enabled, stopped_count=0, restarted_count=0

Compilation events (20 events):
Event: 83695.648 Thread 0x000001fca849b010 14253       4       java.util.concurrent.ConcurrentLinkedQueue::poll (84 bytes)
Event: 83695.659 Thread 0x000001fca849b010 nmethod 14253 0x000001fcb3c10590 code [0x000001fcb3c10740, 0x000001fcb3c109a8]
Event: 84595.653 Thread 0x000001fca849c530 14254       3       org.eclipse.core.internal.resources.MarkerSet::shareStrings (57 bytes)
Event: 84595.657 Thread 0x000001fca849c530 nmethod 14254 0x000001fcad735c10 code [0x000001fcad735de0, 0x000001fcad736350]
Event: 85495.669 Thread 0x000001fca849b010 14255       4       org.eclipse.core.internal.utils.StringPool::add (50 bytes)
Event: 85495.720 Thread 0x000001fca849b010 nmethod 14255 0x000001fcb3c10c10 code [0x000001fcb3c10e80, 0x000001fcb3c11a30]
Event: 129643.847 Thread 0x000001fca849b010 14256       4       java.util.concurrent.Executors$RunnableAdapter::call (14 bytes)
Event: 129643.850 Thread 0x000001fca849b010 nmethod 14256 0x000001fcb3c12210 code [0x000001fcb3c123a0, 0x000001fcb3c12460]
Event: 131255.078 Thread 0x000001fca849b010 14257       4       java.util.concurrent.ThreadPoolExecutor$Worker::unlock (7 bytes)
Event: 131255.086 Thread 0x000001fca849b010 nmethod 14257 0x000001fcb3c12510 code [0x000001fcb3c126a0, 0x000001fcb3c127b8]
Event: 131674.334 Thread 0x000001fca849b010 14258       4       java.util.concurrent.ThreadPoolExecutor$Worker::lock (6 bytes)
Event: 131674.337 Thread 0x000001fca849b010 nmethod 14258 0x000001fcb3c12910 code [0x000001fcb3c12aa0, 0x000001fcb3c12b88]
Event: 131725.415 Thread 0x000001fca849b010 14259   !   4       java.util.concurrent.ThreadPoolExecutor::getTask (177 bytes)
Event: 131725.895 Thread 0x000001fca849b010 nmethod 14259 0x000001fcb3c12c90 code [0x000001fcb3c130c0, 0x000001fcb3c14c68]
Event: 133346.544 Thread 0x000001fca849b010 14260       4       java.util.concurrent.ScheduledThreadPoolExecutor::triggerTime (22 bytes)
Event: 133346.549 Thread 0x000001fca849b010 nmethod 14260 0x000001fcb3c16590 code [0x000001fcb3c16720, 0x000001fcb3c16810]
Event: 133366.576 Thread 0x000001fca849b010 14261       4       java.util.concurrent.ScheduledThreadPoolExecutor$ScheduledFutureTask::run (57 bytes)
Event: 133366.644 Thread 0x000001fca849b010 nmethod 14261 0x000001fcb3c16890 code [0x000001fcb3c16b40, 0x000001fcb3c17710]
Event: 133366.644 Thread 0x000001fca849b010 14262   !   4       java.util.concurrent.FutureTask::runAndReset (125 bytes)
Event: 133366.651 Thread 0x000001fca849b010 nmethod 14262 0x000001fcb3c18390 code [0x000001fcb3c18560, 0x000001fcb3c18800]

GC Heap History (20 events):
Event: 76957.524 GC heap before
{Heap before GC invocations=71 (full 3):
 PSYoungGen      total 22528K, used 22512K [0x00000000d5580000, 0x00000000d7900000, 0x0000000100000000)
  eden space 17920K, 100% used [0x00000000d5580000,0x00000000d6700000,0x00000000d6700000)
  from space 4608K, 99% used [0x00000000d6700000,0x00000000d6b7c210,0x00000000d6b80000)
  to   space 9216K, 0% used [0x00000000d7000000,0x00000000d7000000,0x00000000d7900000)
 ParOldGen       total 69632K, used 69266K [0x0000000080000000, 0x0000000084400000, 0x00000000d5580000)
  object space 69632K, 99% used [0x0000000080000000,0x00000000843a4a98,0x0000000084400000)
 Metaspace       used 75939K, committed 77504K, reserved 1179648K
  class space    used 8017K, committed 8704K, reserved 1048576K
}
Event: 76957.530 GC heap after
{Heap after GC invocations=71 (full 3):
 PSYoungGen      total 20480K, used 2272K [0x00000000d5580000, 0x00000000d7280000, 0x0000000100000000)
  eden space 17920K, 0% used [0x00000000d5580000,0x00000000d5580000,0x00000000d6700000)
  from space 2560K, 88% used [0x00000000d7000000,0x00000000d7238020,0x00000000d7280000)
  to   space 4608K, 0% used [0x00000000d6980000,0x00000000d6980000,0x00000000d6e00000)
 ParOldGen       total 72192K, used 71775K [0x0000000080000000, 0x0000000084680000, 0x00000000d5580000)
  object space 72192K, 99% used [0x0000000080000000,0x0000000084617f48,0x0000000084680000)
 Metaspace       used 75939K, committed 77504K, reserved 1179648K
  class space    used 8017K, committed 8704K, reserved 1048576K
}
Event: 76958.482 GC heap before
{Heap before GC invocations=72 (full 3):
 PSYoungGen      total 20480K, used 20192K [0x00000000d5580000, 0x00000000d7280000, 0x0000000100000000)
  eden space 17920K, 100% used [0x00000000d5580000,0x00000000d6700000,0x00000000d6700000)
  from space 2560K, 88% used [0x00000000d7000000,0x00000000d7238020,0x00000000d7280000)
  to   space 4608K, 0% used [0x00000000d6980000,0x00000000d6980000,0x00000000d6e00000)
 ParOldGen       total 72192K, used 71775K [0x0000000080000000, 0x0000000084680000, 0x00000000d5580000)
  object space 72192K, 99% used [0x0000000080000000,0x0000000084617f48,0x0000000084680000)
 Metaspace       used 75979K, committed 77504K, reserved 1179648K
  class space    used 8017K, committed 8704K, reserved 1048576K
}
Event: 76958.488 GC heap after
{Heap after GC invocations=72 (full 3):
 PSYoungGen      total 22528K, used 4243K [0x00000000d5580000, 0x00000000d7100000, 0x0000000100000000)
  eden space 17920K, 0% used [0x00000000d5580000,0x00000000d5580000,0x00000000d6700000)
  from space 4608K, 92% used [0x00000000d6980000,0x00000000d6da4d60,0x00000000d6e00000)
  to   space 3072K, 0% used [0x00000000d6e00000,0x00000000d6e00000,0x00000000d7100000)
 ParOldGen       total 74240K, used 73884K [0x0000000080000000, 0x0000000084880000, 0x00000000d5580000)
  object space 74240K, 99% used [0x0000000080000000,0x00000000848273f8,0x0000000084880000)
 Metaspace       used 75979K, committed 77504K, reserved 1179648K
  class space    used 8017K, committed 8704K, reserved 1048576K
}
Event: 76989.401 GC heap before
{Heap before GC invocations=73 (full 3):
 PSYoungGen      total 22528K, used 22163K [0x00000000d5580000, 0x00000000d7100000, 0x0000000100000000)
  eden space 17920K, 100% used [0x00000000d5580000,0x00000000d6700000,0x00000000d6700000)
  from space 4608K, 92% used [0x00000000d6980000,0x00000000d6da4d60,0x00000000d6e00000)
  to   space 3072K, 0% used [0x00000000d6e00000,0x00000000d6e00000,0x00000000d7100000)
 ParOldGen       total 74240K, used 73884K [0x0000000080000000, 0x0000000084880000, 0x00000000d5580000)
  object space 74240K, 99% used [0x0000000080000000,0x00000000848273f8,0x0000000084880000)
 Metaspace       used 76006K, committed 77568K, reserved 1179648K
  class space    used 8017K, committed 8704K, reserved 1048576K
}
Event: 76989.408 GC heap after
{Heap after GC invocations=73 (full 3):
 PSYoungGen      total 20480K, used 3049K [0x00000000d5580000, 0x00000000d7600000, 0x0000000100000000)
  eden space 17408K, 0% used [0x00000000d5580000,0x00000000d5580000,0x00000000d6680000)
  from space 3072K, 99% used [0x00000000d6e00000,0x00000000d70fa400,0x00000000d7100000)
  to   space 7680K, 0% used [0x00000000d6680000,0x00000000d6680000,0x00000000d6e00000)
 ParOldGen       total 77824K, used 77780K [0x0000000080000000, 0x0000000084c00000, 0x00000000d5580000)
  object space 77824K, 99% used [0x0000000080000000,0x0000000084bf53f8,0x0000000084c00000)
 Metaspace       used 76006K, committed 77568K, reserved 1179648K
  class space    used 8017K, committed 8704K, reserved 1048576K
}
Event: 77742.721 GC heap before
{Heap before GC invocations=74 (full 3):
 PSYoungGen      total 20480K, used 20457K [0x00000000d5580000, 0x00000000d7600000, 0x0000000100000000)
  eden space 17408K, 100% used [0x00000000d5580000,0x00000000d6680000,0x00000000d6680000)
  from space 3072K, 99% used [0x00000000d6e00000,0x00000000d70fa400,0x00000000d7100000)
  to   space 7680K, 0% used [0x00000000d6680000,0x00000000d6680000,0x00000000d6e00000)
 ParOldGen       total 77824K, used 77780K [0x0000000080000000, 0x0000000084c00000, 0x00000000d5580000)
  object space 77824K, 99% used [0x0000000080000000,0x0000000084bf53f8,0x0000000084c00000)
 Metaspace       used 76057K, committed 77632K, reserved 1179648K
  class space    used 8018K, committed 8704K, reserved 1048576K
}
Event: 77742.725 GC heap after
{Heap after GC invocations=74 (full 3):
 PSYoungGen      total 18432K, used 592K [0x00000000d5580000, 0x00000000d6e80000, 0x0000000100000000)
  eden space 17408K, 0% used [0x00000000d5580000,0x00000000d5580000,0x00000000d6680000)
  from space 1024K, 57% used [0x00000000d6680000,0x00000000d6714070,0x00000000d6780000)
  to   space 3072K, 0% used [0x00000000d6b80000,0x00000000d6b80000,0x00000000d6e80000)
 ParOldGen       total 78848K, used 78576K [0x0000000080000000, 0x0000000084d00000, 0x00000000d5580000)
  object space 78848K, 99% used [0x0000000080000000,0x0000000084cbc2f8,0x0000000084d00000)
 Metaspace       used 76057K, committed 77632K, reserved 1179648K
  class space    used 8018K, committed 8704K, reserved 1048576K
}
Event: 77751.225 GC heap before
{Heap before GC invocations=75 (full 3):
 PSYoungGen      total 18432K, used 18000K [0x00000000d5580000, 0x00000000d6e80000, 0x0000000100000000)
  eden space 17408K, 100% used [0x00000000d5580000,0x00000000d6680000,0x00000000d6680000)
  from space 1024K, 57% used [0x00000000d6680000,0x00000000d6714070,0x00000000d6780000)
  to   space 3072K, 0% used [0x00000000d6b80000,0x00000000d6b80000,0x00000000d6e80000)
 ParOldGen       total 78848K, used 78576K [0x0000000080000000, 0x0000000084d00000, 0x00000000d5580000)
  object space 78848K, 99% used [0x0000000080000000,0x0000000084cbc2f8,0x0000000084d00000)
 Metaspace       used 76121K, committed 77760K, reserved 1179648K
  class space    used 8023K, committed 8768K, reserved 1048576K
}
Event: 77751.231 GC heap after
{Heap after GC invocations=75 (full 3):
 PSYoungGen      total 17920K, used 416K [0x00000000d5580000, 0x00000000d6c00000, 0x0000000100000000)
  eden space 17408K, 0% used [0x00000000d5580000,0x00000000d5580000,0x00000000d6680000)
  from space 512K, 81% used [0x00000000d6b80000,0x00000000d6be8040,0x00000000d6c00000)
  to   space 1024K, 0% used [0x00000000d6a00000,0x00000000d6a00000,0x00000000d6b00000)
 ParOldGen       total 79360K, used 78896K [0x0000000080000000, 0x0000000084d80000, 0x00000000d5580000)
  object space 79360K, 99% used [0x0000000080000000,0x0000000084d0c358,0x0000000084d80000)
 Metaspace       used 76121K, committed 77760K, reserved 1179648K
  class space    used 8023K, committed 8768K, reserved 1048576K
}
Event: 77755.921 GC heap before
{Heap before GC invocations=76 (full 3):
 PSYoungGen      total 17920K, used 17824K [0x00000000d5580000, 0x00000000d6c00000, 0x0000000100000000)
  eden space 17408K, 100% used [0x00000000d5580000,0x00000000d6680000,0x00000000d6680000)
  from space 512K, 81% used [0x00000000d6b80000,0x00000000d6be8040,0x00000000d6c00000)
  to   space 1024K, 0% used [0x00000000d6a00000,0x00000000d6a00000,0x00000000d6b00000)
 ParOldGen       total 79360K, used 78896K [0x0000000080000000, 0x0000000084d80000, 0x00000000d5580000)
  object space 79360K, 99% used [0x0000000080000000,0x0000000084d0c358,0x0000000084d80000)
 Metaspace       used 76478K, committed 78080K, reserved 1179648K
  class space    used 8061K, committed 8768K, reserved 1048576K
}
Event: 77755.924 GC heap after
{Heap after GC invocations=76 (full 3):
 PSYoungGen      total 18432K, used 576K [0x00000000d5580000, 0x00000000d6c00000, 0x0000000100000000)
  eden space 17408K, 0% used [0x00000000d5580000,0x00000000d5580000,0x00000000d6680000)
  from space 1024K, 56% used [0x00000000d6a00000,0x00000000d6a90000,0x00000000d6b00000)
  to   space 1024K, 0% used [0x00000000d6b00000,0x00000000d6b00000,0x00000000d6c00000)
 ParOldGen       total 79360K, used 79160K [0x0000000080000000, 0x0000000084d80000, 0x00000000d5580000)
  object space 79360K, 99% used [0x0000000080000000,0x0000000084d4e058,0x0000000084d80000)
 Metaspace       used 76478K, committed 78080K, reserved 1179648K
  class space    used 8061K, committed 8768K, reserved 1048576K
}
Event: 77758.817 GC heap before
{Heap before GC invocations=77 (full 3):
 PSYoungGen      total 18432K, used 17984K [0x00000000d5580000, 0x00000000d6c00000, 0x0000000100000000)
  eden space 17408K, 100% used [0x00000000d5580000,0x00000000d6680000,0x00000000d6680000)
  from space 1024K, 56% used [0x00000000d6a00000,0x00000000d6a90000,0x00000000d6b00000)
  to   space 1024K, 0% used [0x00000000d6b00000,0x00000000d6b00000,0x00000000d6c00000)
 ParOldGen       total 79360K, used 79160K [0x0000000080000000, 0x0000000084d80000, 0x00000000d5580000)
  object space 79360K, 99% used [0x0000000080000000,0x0000000084d4e058,0x0000000084d80000)
 Metaspace       used 76767K, committed 78272K, reserved 1179648K
  class space    used 8089K, committed 8768K, reserved 1048576K
}
Event: 77758.822 GC heap after
{Heap after GC invocations=77 (full 3):
 PSYoungGen      total 18432K, used 656K [0x00000000d5580000, 0x00000000d6c00000, 0x0000000100000000)
  eden space 17408K, 0% used [0x00000000d5580000,0x00000000d5580000,0x00000000d6680000)
  from space 1024K, 64% used [0x00000000d6b00000,0x00000000d6ba4030,0x00000000d6c00000)
  to   space 1024K, 0% used [0x00000000d6a00000,0x00000000d6a00000,0x00000000d6b00000)
 ParOldGen       total 79872K, used 79613K [0x0000000080000000, 0x0000000084e00000, 0x00000000d5580000)
  object space 79872K, 99% used [0x0000000080000000,0x0000000084dbf680,0x0000000084e00000)
 Metaspace       used 76767K, committed 78272K, reserved 1179648K
  class space    used 8089K, committed 8768K, reserved 1048576K
}
Event: 77760.815 GC heap before
{Heap before GC invocations=78 (full 3):
 PSYoungGen      total 18432K, used 18064K [0x00000000d5580000, 0x00000000d6c00000, 0x0000000100000000)
  eden space 17408K, 100% used [0x00000000d5580000,0x00000000d6680000,0x00000000d6680000)
  from space 1024K, 64% used [0x00000000d6b00000,0x00000000d6ba4030,0x00000000d6c00000)
  to   space 1024K, 0% used [0x00000000d6a00000,0x00000000d6a00000,0x00000000d6b00000)
 ParOldGen       total 79872K, used 79613K [0x0000000080000000, 0x0000000084e00000, 0x00000000d5580000)
  object space 79872K, 99% used [0x0000000080000000,0x0000000084dbf680,0x0000000084e00000)
 Metaspace       used 76804K, committed 78400K, reserved 1179648K
  class space    used 8091K, committed 8832K, reserved 1048576K
}
Event: 77760.822 GC heap after
{Heap after GC invocations=78 (full 3):
 PSYoungGen      total 18432K, used 800K [0x00000000d5580000, 0x00000000d6b80000, 0x0000000100000000)
  eden space 17408K, 0% used [0x00000000d5580000,0x00000000d5580000,0x00000000d6680000)
  from space 1024K, 78% used [0x00000000d6a00000,0x00000000d6ac8000,0x00000000d6b00000)
  to   space 512K, 0% used [0x00000000d6b00000,0x00000000d6b00000,0x00000000d6b80000)
 ParOldGen       total 79872K, used 79773K [0x0000000080000000, 0x0000000084e00000, 0x00000000d5580000)
  object space 79872K, 99% used [0x0000000080000000,0x0000000084de76a0,0x0000000084e00000)
 Metaspace       used 76804K, committed 78400K, reserved 1179648K
  class space    used 8091K, committed 8832K, reserved 1048576K
}
Event: 77764.675 GC heap before
{Heap before GC invocations=79 (full 3):
 PSYoungGen      total 18432K, used 18208K [0x00000000d5580000, 0x00000000d6b80000, 0x0000000100000000)
  eden space 17408K, 100% used [0x00000000d5580000,0x00000000d6680000,0x00000000d6680000)
  from space 1024K, 78% used [0x00000000d6a00000,0x00000000d6ac8000,0x00000000d6b00000)
  to   space 512K, 0% used [0x00000000d6b00000,0x00000000d6b00000,0x00000000d6b80000)
 ParOldGen       total 79872K, used 79773K [0x0000000080000000, 0x0000000084e00000, 0x00000000d5580000)
  object space 79872K, 99% used [0x0000000080000000,0x0000000084de76a0,0x0000000084e00000)
 Metaspace       used 76861K, committed 78528K, reserved 1179648K
  class space    used 8092K, committed 8832K, reserved 1048576K
}
Event: 77764.677 GC heap after
{Heap after GC invocations=79 (full 3):
 PSYoungGen      total 17920K, used 512K [0x00000000d5580000, 0x00000000d6b80000, 0x0000000100000000)
  eden space 17408K, 0% used [0x00000000d5580000,0x00000000d5580000,0x00000000d6680000)
  from space 512K, 100% used [0x00000000d6b00000,0x00000000d6b80000,0x00000000d6b80000)
  to   space 1024K, 0% used [0x00000000d6980000,0x00000000d6980000,0x00000000d6a80000)
 ParOldGen       total 79872K, used 79829K [0x0000000080000000, 0x0000000084e00000, 0x00000000d5580000)
  object space 79872K, 99% used [0x0000000080000000,0x0000000084df56a0,0x0000000084e00000)
 Metaspace       used 76861K, committed 78528K, reserved 1179648K
  class space    used 8092K, committed 8832K, reserved 1048576K
}
Event: 77768.955 GC heap before
{Heap before GC invocations=80 (full 3):
 PSYoungGen      total 17920K, used 17920K [0x00000000d5580000, 0x00000000d6b80000, 0x0000000100000000)
  eden space 17408K, 100% used [0x00000000d5580000,0x00000000d6680000,0x00000000d6680000)
  from space 512K, 100% used [0x00000000d6b00000,0x00000000d6b80000,0x00000000d6b80000)
  to   space 1024K, 0% used [0x00000000d6980000,0x00000000d6980000,0x00000000d6a80000)
 ParOldGen       total 79872K, used 79829K [0x0000000080000000, 0x0000000084e00000, 0x00000000d5580000)
  object space 79872K, 99% used [0x0000000080000000,0x0000000084df56a0,0x0000000084e00000)
 Metaspace       used 76983K, committed 78656K, reserved 1179648K
  class space    used 8097K, committed 8832K, reserved 1048576K
}
Event: 77768.962 GC heap after
{Heap after GC invocations=80 (full 3):
 PSYoungGen      total 18432K, used 944K [0x00000000d5580000, 0x00000000d6b80000, 0x0000000100000000)
  eden space 17408K, 0% used [0x00000000d5580000,0x00000000d5580000,0x00000000d6680000)
  from space 1024K, 92% used [0x00000000d6980000,0x00000000d6a6c010,0x00000000d6a80000)
  to   space 1024K, 0% used [0x00000000d6a80000,0x00000000d6a80000,0x00000000d6b80000)
 ParOldGen       total 80384K, used 80210K [0x0000000080000000, 0x0000000084e80000, 0x00000000d5580000)
  object space 80384K, 99% used [0x0000000080000000,0x0000000084e54b30,0x0000000084e80000)
 Metaspace       used 76983K, committed 78656K, reserved 1179648K
  class space    used 8097K, committed 8832K, reserved 1048576K
}

Dll operation events (12 events):
Event: 0.011 Loaded shared library c:\Users\Admin\.vscode\extensions\redhat.java-1.54.0-win32-x64\jre\21.0.10-win32-x86_64\bin\java.dll
Event: 0.098 Loaded shared library c:\Users\Admin\.vscode\extensions\redhat.java-1.54.0-win32-x64\jre\21.0.10-win32-x86_64\bin\zip.dll
Event: 0.122 Loaded shared library C:\Users\Admin\.vscode\extensions\redhat.java-1.54.0-win32-x64\jre\21.0.10-win32-x86_64\bin\instrument.dll
Event: 0.164 Loaded shared library C:\Users\Admin\.vscode\extensions\redhat.java-1.54.0-win32-x64\jre\21.0.10-win32-x86_64\bin\net.dll
Event: 0.204 Loaded shared library C:\Users\Admin\.vscode\extensions\redhat.java-1.54.0-win32-x64\jre\21.0.10-win32-x86_64\bin\nio.dll
Event: 0.207 Loaded shared library C:\Users\Admin\.vscode\extensions\redhat.java-1.54.0-win32-x64\jre\21.0.10-win32-x86_64\bin\zip.dll
Event: 0.226 Loaded shared library C:\Users\Admin\.vscode\extensions\redhat.java-1.54.0-win32-x64\jre\21.0.10-win32-x86_64\bin\jimage.dll
Event: 0.340 Loaded shared library c:\Users\Admin\.vscode\extensions\redhat.java-1.54.0-win32-x64\jre\21.0.10-win32-x86_64\bin\verify.dll
Event: 9.285 Loaded shared library C:\Users\Admin\AppData\Roaming\Code\User\globalStorage\redhat.java\1.54.0\config_win\org.eclipse.equinox.launcher\org.eclipse.equinox.launcher.win32.win32.x86_64_1.3.0.v20260203-2149\eclipse_11919.dll
Event: 26.652 Loaded shared library C:\Users\Admin\AppData\Local\Temp\jna-63116079\jna13460786536926478385.dll
Event: 28.928 Loaded shared library C:\Users\Admin\.vscode\extensions\redhat.java-1.54.0-win32-x64\jre\21.0.10-win32-x86_64\bin\sunmscapi.dll
Event: 29.830 Loaded shared library C:\Users\Admin\.vscode\extensions\redhat.java-1.54.0-win32-x64\jre\21.0.10-win32-x86_64\bin\extnet.dll

Deoptimization events (20 events):
Event: 130178.940 Thread 0x000001fd12922510 Uncommon trap: trap_request=0xffffff45 fr.pc=0x000001fcb396a6a0 relative=0x0000000000000640
Event: 130178.940 Thread 0x000001fd12922510 Uncommon trap: reason=unstable_if action=reinterpret pc=0x000001fcb396a6a0 method=org.eclipse.jdt.core.Signature.encodeQualifiedName([CIILjava/lang/StringBuilder;)I @ 16 c2
Event: 130178.940 Thread 0x000001fd12922510 DEOPT PACKING pc=0x000001fcb396a6a0 sp=0x000000eb71afe870
Event: 130178.940 Thread 0x000001fd12922510 DEOPT UNPACKING pc=0x000001fcb2c93aa2 sp=0x000000eb71afe820 mode 2
Event: 133376.600 Thread 0x000001fd08f6ca20 Uncommon trap: trap_request=0xffffffd6 fr.pc=0x000001fcb3c17144 relative=0x0000000000000604
Event: 133376.600 Thread 0x000001fd08f6ca20 Uncommon trap: reason=array_check action=maybe_recompile pc=0x000001fcb3c17144 method=java.util.concurrent.ScheduledThreadPoolExecutor$DelayedWorkQueue.offer(Ljava/lang/Runnable;)Z @ 65 c2
Event: 133376.600 Thread 0x000001fd08f6ca20 DEOPT PACKING pc=0x000001fcb3c17144 sp=0x000000eb750ff4c0
Event: 133376.601 Thread 0x000001fd08f6ca20 DEOPT UNPACKING pc=0x000001fcb2c93aa2 sp=0x000000eb750ff2d0 mode 2
Event: 133384.845 Thread 0x000001fd065642d0 Uncommon trap: trap_request=0xffffffd6 fr.pc=0x000001fcb3c17144 relative=0x0000000000000604
Event: 133384.845 Thread 0x000001fd065642d0 Uncommon trap: reason=array_check action=maybe_recompile pc=0x000001fcb3c17144 method=java.util.concurrent.ScheduledThreadPoolExecutor$DelayedWorkQueue.offer(Ljava/lang/Runnable;)Z @ 65 c2
Event: 133384.845 Thread 0x000001fd065642d0 DEOPT PACKING pc=0x000001fcb3c17144 sp=0x000000eb733ff130
Event: 133384.845 Thread 0x000001fd065642d0 DEOPT UNPACKING pc=0x000001fcb2c93aa2 sp=0x000000eb733fef40 mode 2
Event: 133386.608 Thread 0x000001fd08f6ca20 Uncommon trap: trap_request=0xffffffd6 fr.pc=0x000001fcb3c17144 relative=0x0000000000000604
Event: 133386.608 Thread 0x000001fd08f6ca20 Uncommon trap: reason=array_check action=maybe_recompile pc=0x000001fcb3c17144 method=java.util.concurrent.ScheduledThreadPoolExecutor$DelayedWorkQueue.offer(Ljava/lang/Runnable;)Z @ 65 c2
Event: 133386.609 Thread 0x000001fd08f6ca20 DEOPT PACKING pc=0x000001fcb3c17144 sp=0x000000eb750ff4c0
Event: 133386.609 Thread 0x000001fd08f6ca20 DEOPT UNPACKING pc=0x000001fcb2c93aa2 sp=0x000000eb750ff2d0 mode 2
Event: 133396.617 Thread 0x000001fd08f6ca20 Uncommon trap: trap_request=0xffffffd6 fr.pc=0x000001fcb3c17144 relative=0x0000000000000604
Event: 133396.617 Thread 0x000001fd08f6ca20 Uncommon trap: reason=array_check action=maybe_recompile pc=0x000001fcb3c17144 method=java.util.concurrent.ScheduledThreadPoolExecutor$DelayedWorkQueue.offer(Ljava/lang/Runnable;)Z @ 65 c2
Event: 133396.617 Thread 0x000001fd08f6ca20 DEOPT PACKING pc=0x000001fcb3c17144 sp=0x000000eb750ff4c0
Event: 133396.617 Thread 0x000001fd08f6ca20 DEOPT UNPACKING pc=0x000001fcb2c93aa2 sp=0x000000eb750ff2d0 mode 2

Classes loaded (20 events):
Event: 49075.679 Loading class java/util/stream/DistinctOps$1$2
Event: 49075.679 Loading class java/util/stream/DistinctOps$1$2 done
Event: 49077.075 Loading class java/util/stream/ReduceOps$5
Event: 49077.075 Loading class java/util/stream/ReduceOps$5 done
Event: 49077.075 Loading class java/util/stream/ReduceOps$CountingSink$OfRef
Event: 49077.076 Loading class java/util/stream/ReduceOps$CountingSink
Event: 49077.076 Loading class java/util/stream/ReduceOps$CountingSink done
Event: 49077.077 Loading class java/util/stream/ReduceOps$CountingSink$OfRef done
Event: 75702.123 Loading class java/util/LinkedList$LLSpliterator
Event: 75702.124 Loading class java/util/LinkedList$LLSpliterator done
Event: 75716.795 Loading class sun/nio/fs/WindowsFileCopy
Event: 75716.797 Loading class sun/nio/fs/WindowsFileCopy done
Event: 75743.837 Loading class jdk/internal/ref/CleanerImpl$InnocuousThreadFactory
Event: 75743.838 Loading class jdk/internal/ref/CleanerImpl$InnocuousThreadFactory done
Event: 75792.913 Loading class java/util/regex/Pattern$Behind
Event: 75792.914 Loading class java/util/regex/Pattern$Behind done
Event: 75792.915 Loading class java/util/regex/Pattern$Neg
Event: 75792.915 Loading class java/util/regex/Pattern$Neg done
Event: 76274.470 Loading class java/lang/StringLatin1$CharsSpliterator
Event: 76274.479 Loading class java/lang/StringLatin1$CharsSpliterator done

Classes unloaded (7 events):
Event: 27.436 Thread 0x000001fca85ae730 Unloading class 0x000001fcc01a7000 'java/lang/invoke/LambdaForm$MH+0x000001fcc01a7000'
Event: 27.436 Thread 0x000001fca85ae730 Unloading class 0x000001fcc01a6c00 'java/lang/invoke/LambdaForm$MH+0x000001fcc01a6c00'
Event: 27.436 Thread 0x000001fca85ae730 Unloading class 0x000001fcc01a6800 'java/lang/invoke/LambdaForm$MH+0x000001fcc01a6800'
Event: 27.436 Thread 0x000001fca85ae730 Unloading class 0x000001fcc01a6400 'java/lang/invoke/LambdaForm$MH+0x000001fcc01a6400'
Event: 27.436 Thread 0x000001fca85ae730 Unloading class 0x000001fcc01a6000 'java/lang/invoke/LambdaForm$BMH+0x000001fcc01a6000'
Event: 27.436 Thread 0x000001fca85ae730 Unloading class 0x000001fcc01a5c00 'java/lang/invoke/LambdaForm$DMH+0x000001fcc01a5c00'
Event: 27.436 Thread 0x000001fca85ae730 Unloading class 0x000001fcc01a4800 'java/lang/invoke/LambdaForm$DMH+0x000001fcc01a4800'

Classes redefined (0 events):
No events

Internal exceptions (20 events):
Event: 76891.384 Thread 0x000001fd062ec880 Exception <a 'sun/nio/fs/WindowsException'{0x00000000d5798ac0}> (0x00000000d5798ac0) 
thrown [s\src\hotspot\share\prims\jni.cpp, line 520]
Event: 76894.559 Thread 0x000001fd062ec880 Exception <a 'sun/nio/fs/WindowsException'{0x00000000d6682278}> (0x00000000d6682278) 
thrown [s\src\hotspot\share\prims\jni.cpp, line 520]
Event: 76894.756 Thread 0x000001fd062ec880 Exception <a 'sun/nio/fs/WindowsException'{0x00000000d5ea89f0}> (0x00000000d5ea89f0) 
thrown [s\src\hotspot\share\prims\jni.cpp, line 520]
Event: 76953.706 Thread 0x000001fd12921e80 Exception <a 'java/lang/ArrayIndexOutOfBoundsException'{0x00000000d577aa58}> (0x00000000d577aa58) 
thrown [s\src\hotspot\share\runtime\sharedRuntime.cpp, line 625]
Event: 76953.809 Thread 0x000001fd12921e80 Implicit null exception at 0x000001fcb38b128d to 0x000001fcb38b14e9
Event: 76953.912 Thread 0x000001fd12921e80 Exception <a 'java/lang/NoSuchMethodError'{0x00000000d58d9480}: 'int java.lang.invoke.DirectMethodHandle$Holder.invokeSpecialIFC(java.lang.Object, java.lang.Object, java.lang.Object)'> (0x00000000d58d9480) 
thrown [s\src\hotspot\share\interpreter\linkResolver.cpp, line 773]
Event: 76953.921 Thread 0x000001fd12921e80 Implicit null exception at 0x000001fcb38fb315 to 0x000001fcb38fb490
Event: 76958.350 Thread 0x000001fd062ec880 Exception <a 'sun/nio/fs/WindowsException'{0x00000000d5aaab18}> (0x00000000d5aaab18) 
thrown [s\src\hotspot\share\prims\jni.cpp, line 520]
Event: 76958.532 Thread 0x000001fd062ec880 Exception <a 'sun/nio/fs/WindowsException'{0x00000000d55905d8}> (0x00000000d55905d8) 
thrown [s\src\hotspot\share\prims\jni.cpp, line 520]
Event: 76988.727 Thread 0x000001fd12922510 Exception <a 'java/lang/NullPointerException'{0x00000000d5b3d4f8}> (0x00000000d5b3d4f8) 
thrown [s\src\hotspot\share\interpreter\linkResolver.cpp, line 1456]
Event: 76989.185 Thread 0x000001fd12925300 Implicit null exception at 0x000001fcb3ac3964 to 0x000001fcb3ac87a4
Event: 76989.306 Thread 0x000001fd062ec880 Exception <a 'sun/nio/fs/WindowsException'{0x00000000d55ab350}> (0x00000000d55ab350) 
thrown [s\src\hotspot\share\prims\jni.cpp, line 520]
Event: 76989.537 Thread 0x000001fd062ec880 Exception <a 'sun/nio/fs/WindowsException'{0x00000000d5a89268}> (0x00000000d5a89268) 
thrown [s\src\hotspot\share\prims\jni.cpp, line 520]
Event: 77752.028 Thread 0x000001fd12923f50 Implicit null exception at 0x000001fcb38820e0 to 0x000001fcb38825d8
Event: 77758.144 Thread 0x000001fd12923f50 Exception <a 'java/lang/ArrayIndexOutOfBoundsException'{0x00000000d5f037c8}> (0x00000000d5f037c8) 
thrown [s\src\hotspot\share\runtime\sharedRuntime.cpp, line 625]
Event: 77760.142 Thread 0x000001fd12920ad0 Exception <a 'java/lang/ArrayIndexOutOfBoundsException'{0x00000000d57dc7c0}> (0x00000000d57dc7c0) 
thrown [s\src\hotspot\share\runtime\sharedRuntime.cpp, line 625]
Event: 77760.301 Thread 0x000001fd12920ad0 Exception <a 'java/lang/ArrayIndexOutOfBoundsException'{0x00000000d5dfb5c8}> (0x00000000d5dfb5c8) 
thrown [s\src\hotspot\share\runtime\sharedRuntime.cpp, line 625]
Event: 77760.812 Thread 0x000001fd12923f50 Exception <a 'java/lang/ArrayIndexOutOfBoundsException'{0x00000000d6630270}> (0x00000000d6630270) 
thrown [s\src\hotspot\share\runtime\sharedRuntime.cpp, line 625]
Event: 77762.150 Thread 0x000001fd12923f50 Exception <a 'java/lang/ArrayIndexOutOfBoundsException'{0x00000000d5f0b698}> (0x00000000d5f0b698) 
thrown [s\src\hotspot\share\runtime\sharedRuntime.cpp, line 625]
Event: 130189.731 Thread 0x000001fd08f6ddd0 Exception <a 'java/lang/IncompatibleClassChangeError'{0x00000000d57f3d58}: Found class java.lang.Object, but interface was expected> (0x00000000d57f3d58) 
thrown [s\src\hotspot\share\interpreter\linkResolver.cpp, line 840]

ZGC Phase Switch (0 events):
No events

VM Operations (20 events):
Event: 133774.678 Executing non-safepoint VM operation: HandshakeAllThreads (HandshakeForDeflation)
Event: 133774.678 Executing non-safepoint VM operation: HandshakeAllThreads (HandshakeForDeflation) done
Event: 133774.679 Executing non-safepoint VM operation: RendezvousGCThreads
Event: 133774.679 Executing non-safepoint VM operation: RendezvousGCThreads done
Event: 133894.817 Executing non-safepoint VM operation: HandshakeAllThreads (HandshakeForDeflation)
Event: 133894.817 Executing non-safepoint VM operation: HandshakeAllThreads (HandshakeForDeflation) done
Event: 133894.817 Executing non-safepoint VM operation: RendezvousGCThreads
Event: 133894.817 Executing non-safepoint VM operation: RendezvousGCThreads done
Event: 134015.015 Executing non-safepoint VM operation: HandshakeAllThreads (HandshakeForDeflation)
Event: 134015.015 Executing non-safepoint VM operation: HandshakeAllThreads (HandshakeForDeflation) done
Event: 134015.015 Executing non-safepoint VM operation: RendezvousGCThreads
Event: 134015.015 Executing non-safepoint VM operation: RendezvousGCThreads done
Event: 134135.100 Executing non-safepoint VM operation: HandshakeAllThreads (HandshakeForDeflation)
Event: 134135.100 Executing non-safepoint VM operation: HandshakeAllThreads (HandshakeForDeflation) done
Event: 134135.100 Executing non-safepoint VM operation: RendezvousGCThreads
Event: 134135.100 Executing non-safepoint VM operation: RendezvousGCThreads done
Event: 134255.447 Executing non-safepoint VM operation: HandshakeAllThreads (HandshakeForDeflation)
Event: 134255.447 Executing non-safepoint VM operation: HandshakeAllThreads (HandshakeForDeflation) done
Event: 134255.447 Executing non-safepoint VM operation: RendezvousGCThreads
Event: 134255.447 Executing non-safepoint VM operation: RendezvousGCThreads done

Memory protections (0 events):
No events

Nmethod flushes (20 events):
Event: 33.800 Thread 0x000001fca85ae730 flushing  nmethod 0x000001fcabfec710
Event: 33.800 Thread 0x000001fca85ae730 flushing  nmethod 0x000001fcabfeca90
Event: 33.800 Thread 0x000001fca85ae730 flushing  nmethod 0x000001fcabfef510
Event: 33.800 Thread 0x000001fca85ae730 flushing  nmethod 0x000001fcabfefb10
Event: 33.800 Thread 0x000001fca85ae730 flushing  nmethod 0x000001fcac003f90
Event: 33.800 Thread 0x000001fca85ae730 flushing  nmethod 0x000001fcac014210
Event: 33.800 Thread 0x000001fca85ae730 flushing  nmethod 0x000001fcac014690
Event: 33.800 Thread 0x000001fca85ae730 flushing  nmethod 0x000001fcac015a90
Event: 33.800 Thread 0x000001fca85ae730 flushing  nmethod 0x000001fcac016310
Event: 33.800 Thread 0x000001fca85ae730 flushing  nmethod 0x000001fcac016910
Event: 33.800 Thread 0x000001fca85ae730 flushing  nmethod 0x000001fcac017390
Event: 33.800 Thread 0x000001fca85ae730 flushing  nmethod 0x000001fcac017710
Event: 33.800 Thread 0x000001fca85ae730 flushing  nmethod 0x000001fcac019e10
Event: 33.800 Thread 0x000001fca85ae730 flushing  nmethod 0x000001fcac04b290
Event: 33.800 Thread 0x000001fca85ae730 flushing  nmethod 0x000001fcac061310
Event: 33.800 Thread 0x000001fca85ae730 flushing  nmethod 0x000001fcac06fc90
Event: 33.800 Thread 0x000001fca85ae730 flushing  nmethod 0x000001fcac08d110
Event: 33.800 Thread 0x000001fca85ae730 flushing  nmethod 0x000001fcac08d910
Event: 33.800 Thread 0x000001fca85ae730 flushing  nmethod 0x000001fcac08e390
Event: 33.800 Thread 0x000001fca85ae730 flushing  nmethod 0x000001fcac093b90

Events (20 events):
Event: 77949.352 Thread 0x000001fd129245e0 Thread exited: 0x000001fd129245e0
Event: 78009.352 Thread 0x000001fd12926020 Thread exited: 0x000001fd12926020
Event: 78042.046 Thread 0x000001fd12924c70 Thread added: 0x000001fd12923f50
Event: 78042.047 Thread 0x000001fd12923f50 Thread exited: 0x000001fd12923f50
Event: 78042.050 Thread 0x000001fd12924c70 Thread added: 0x000001fd12922510
Event: 78042.051 Thread 0x000001fd12922510 Thread added: 0x000001fd12923f50
Event: 78042.052 Thread 0x000001fd12922510 Thread added: 0x000001fd12920ad0
Event: 78042.052 Thread 0x000001fd12920ad0 Thread exited: 0x000001fd12920ad0
Event: 78042.053 Thread 0x000001fd12922510 Thread exited: 0x000001fd12922510
Event: 78042.053 Thread 0x000001fd12923f50 Thread exited: 0x000001fd12923f50
Event: 78046.035 Thread 0x000001fd129217f0 Thread exited: 0x000001fd129217f0
Event: 78052.341 Thread 0x000001fd129266b0 Thread exited: 0x000001fd129266b0
Event: 78057.037 Thread 0x000001fd12925300 Thread exited: 0x000001fd12925300
Event: 78061.198 Thread 0x000001fd129273d0 Thread exited: 0x000001fd129273d0
Event: 78065.713 Thread 0x000001fd12921e80 Thread exited: 0x000001fd12921e80
Event: 78068.480 Thread 0x000001fd12921160 Thread exited: 0x000001fd12921160
Event: 130178.831 Thread 0x000001fd08f6ddd0 Thread added: 0x000001fd12922510
Event: 130178.953 Thread 0x000001fd12922510 Thread added: 0x000001fd12923f50
Event: 130239.035 Thread 0x000001fd12922510 Thread exited: 0x000001fd12922510
Event: 130299.040 Thread 0x000001fd12923f50 Thread exited: 0x000001fd12923f50


Dynamic libraries:
0x00007ff66b330000 - 0x00007ff66b33e000 	c:\Users\Admin\.vscode\extensions\redhat.java-1.54.0-win32-x64\jre\21.0.10-win32-x86_64\bin\java.exe
0x00007ffe94160000 - 0x00007ffe943c7000 	C:\WINDOWS\SYSTEM32\ntdll.dll
0x00007ffe934b0000 - 0x00007ffe93579000 	C:\WINDOWS\System32\KERNEL32.DLL
0x00007ffe90e10000 - 0x00007ffe91204000 	C:\WINDOWS\System32\KERNELBASE.dll
0x00007ffe91370000 - 0x00007ffe914bb000 	C:\WINDOWS\System32\ucrtbase.dll
0x00007ffe795b0000 - 0x00007ffe795ce000 	c:\Users\Admin\.vscode\extensions\redhat.java-1.54.0-win32-x64\jre\21.0.10-win32-x86_64\bin\VCRUNTIME140.dll
0x00007ffe761f0000 - 0x00007ffe76208000 	c:\Users\Admin\.vscode\extensions\redhat.java-1.54.0-win32-x64\jre\21.0.10-win32-x86_64\bin\jli.dll
0x00007ffe93d60000 - 0x00007ffe93f25000 	C:\WINDOWS\System32\USER32.dll
0x00007ffe90c60000 - 0x00007ffe90c87000 	C:\WINDOWS\System32\win32u.dll
0x00007ffe92090000 - 0x00007ffe920bb000 	C:\WINDOWS\System32\GDI32.dll
0x00007ffe91dc0000 - 0x00007ffe91eeb000 	C:\WINDOWS\System32\gdi32full.dll
0x00007ffe91210000 - 0x00007ffe912b3000 	C:\WINDOWS\System32\msvcp_win.dll
0x00007ffe7d410000 - 0x00007ffe7d6a3000 	C:\WINDOWS\WinSxS\amd64_microsoft.windows.common-controls_6595b64144ccf1df_6.0.26100.8115_none_3e075c82e3354f9c\COMCTL32.dll
0x00007ffe93690000 - 0x00007ffe93739000 	C:\WINDOWS\System32\msvcrt.dll
0x00007ffe920c0000 - 0x00007ffe920f2000 	C:\WINDOWS\System32\IMM32.DLL
0x00007ffe87d80000 - 0x00007ffe87d8c000 	c:\Users\Admin\.vscode\extensions\redhat.java-1.54.0-win32-x64\jre\21.0.10-win32-x86_64\bin\vcruntime140_1.dll
0x00007ffe76050000 - 0x00007ffe760dd000 	c:\Users\Admin\.vscode\extensions\redhat.java-1.54.0-win32-x64\jre\21.0.10-win32-x86_64\bin\msvcp140.dll
0x00007ffe54900000 - 0x00007ffe556a1000 	c:\Users\Admin\.vscode\extensions\redhat.java-1.54.0-win32-x64\jre\21.0.10-win32-x86_64\bin\server\jvm.dll
0x00007ffe91fd0000 - 0x00007ffe92086000 	C:\WINDOWS\System32\ADVAPI32.dll
0x00007ffe935e0000 - 0x00007ffe93687000 	C:\WINDOWS\System32\sechost.dll
0x00007ffe93f30000 - 0x00007ffe94048000 	C:\WINDOWS\System32\RPCRT4.dll
0x00007ffe94060000 - 0x00007ffe940e0000 	C:\WINDOWS\System32\WS2_32.dll
0x00007ffe90890000 - 0x00007ffe908ee000 	C:\WINDOWS\SYSTEM32\POWRPROF.dll
0x00007ffe760e0000 - 0x00007ffe76116000 	C:\WINDOWS\SYSTEM32\WINMM.dll
0x00007ffe85850000 - 0x00007ffe8585b000 	C:\WINDOWS\SYSTEM32\VERSION.dll
0x00007ffe90870000 - 0x00007ffe90884000 	C:\WINDOWS\SYSTEM32\UMPDC.dll
0x00007ffe8f780000 - 0x00007ffe8f79b000 	C:\WINDOWS\SYSTEM32\kernel.appcore.dll
0x00007ffe7c930000 - 0x00007ffe7c93a000 	c:\Users\Admin\.vscode\extensions\redhat.java-1.54.0-win32-x64\jre\21.0.10-win32-x86_64\bin\jimage.dll
0x00007ffe8eb20000 - 0x00007ffe8ed62000 	C:\WINDOWS\SYSTEM32\DBGHELP.DLL
0x00007ffe92960000 - 0x00007ffe92ce2000 	C:\WINDOWS\System32\combase.dll
0x00007ffe91ef0000 - 0x00007ffe91fc8000 	C:\WINDOWS\System32\OLEAUT32.dll
0x00007ffe7d6b0000 - 0x00007ffe7d6eb000 	C:\WINDOWS\SYSTEM32\dbgcore.DLL
0x00007ffe912c0000 - 0x00007ffe91365000 	C:\WINDOWS\System32\bcryptPrimitives.dll
0x00007ffe761e0000 - 0x00007ffe761ef000 	c:\Users\Admin\.vscode\extensions\redhat.java-1.54.0-win32-x64\jre\21.0.10-win32-x86_64\bin\instrument.dll
0x00007ffe761c0000 - 0x00007ffe761e0000 	c:\Users\Admin\.vscode\extensions\redhat.java-1.54.0-win32-x64\jre\21.0.10-win32-x86_64\bin\java.dll
0x00007ffe921c0000 - 0x00007ffe92927000 	C:\WINDOWS\System32\SHELL32.dll
0x00007ffe90af0000 - 0x00007ffe90c5a000 	C:\WINDOWS\System32\wintypes.dll
0x00007ffe91550000 - 0x00007ffe91db8000 	C:\WINDOWS\System32\windows.storage.dll
0x00007ffe93c60000 - 0x00007ffe93d58000 	C:\WINDOWS\System32\SHCORE.dll
0x00007ffe933b0000 - 0x00007ffe93416000 	C:\WINDOWS\System32\shlwapi.dll
0x00007ffe90950000 - 0x00007ffe90979000 	C:\WINDOWS\SYSTEM32\profapi.dll
0x00007ffe761a0000 - 0x00007ffe761b8000 	c:\Users\Admin\.vscode\extensions\redhat.java-1.54.0-win32-x64\jre\21.0.10-win32-x86_64\bin\zip.dll
0x00007ffe76190000 - 0x00007ffe761a0000 	C:\Users\Admin\.vscode\extensions\redhat.java-1.54.0-win32-x64\jre\21.0.10-win32-x86_64\bin\net.dll
0x00007ffe81310000 - 0x00007ffe8143d000 	C:\WINDOWS\SYSTEM32\WINHTTP.dll
0x00007ffe8fcd0000 - 0x00007ffe8fd3c000 	C:\WINDOWS\system32\mswsock.dll
0x00007ffe76030000 - 0x00007ffe76046000 	C:\Users\Admin\.vscode\extensions\redhat.java-1.54.0-win32-x64\jre\21.0.10-win32-x86_64\bin\nio.dll
0x00007ffe76160000 - 0x00007ffe76170000 	c:\Users\Admin\.vscode\extensions\redhat.java-1.54.0-win32-x64\jre\21.0.10-win32-x86_64\bin\verify.dll
0x00007ffe75fe0000 - 0x00007ffe76025000 	C:\Users\Admin\AppData\Roaming\Code\User\globalStorage\redhat.java\1.54.0\config_win\org.eclipse.equinox.launcher\org.eclipse.equinox.launcher.win32.win32.x86_64_1.3.0.v20260203-2149\eclipse_11919.dll
0x00007ffe92cf0000 - 0x00007ffe92e87000 	C:\WINDOWS\System32\ole32.dll
0x00007ffe900d0000 - 0x00007ffe900eb000 	C:\WINDOWS\SYSTEM32\CRYPTSP.dll
0x00007ffe8f6e0000 - 0x00007ffe8f719000 	C:\WINDOWS\system32\rsaenh.dll
0x00007ffe8fd80000 - 0x00007ffe8fdb3000 	C:\WINDOWS\SYSTEM32\USERENV.dll
0x00007ffe90920000 - 0x00007ffe9094a000 	C:\WINDOWS\SYSTEM32\bcrypt.dll
0x00007ffe8ff30000 - 0x00007ffe8ff3c000 	C:\WINDOWS\SYSTEM32\CRYPTBASE.dll
0x00007ffe8f160000 - 0x00007ffe8f192000 	C:\WINDOWS\SYSTEM32\IPHLPAPI.DLL
0x00007ffe92930000 - 0x00007ffe9293a000 	C:\WINDOWS\System32\NSI.dll
0x00007ffe75ef0000 - 0x00007ffe75f39000 	C:\Users\Admin\AppData\Local\Temp\jna-63116079\jna13460786536926478385.dll
0x00007ffe94050000 - 0x00007ffe94058000 	C:\WINDOWS\System32\PSAPI.DLL
0x00007ffe80cf0000 - 0x00007ffe80d0d000 	C:\WINDOWS\SYSTEM32\dhcpcsvc6.DLL
0x00007ffe80cc0000 - 0x00007ffe80ce5000 	C:\WINDOWS\SYSTEM32\dhcpcsvc.DLL
0x00007ffe75ee0000 - 0x00007ffe75eee000 	C:\Users\Admin\.vscode\extensions\redhat.java-1.54.0-win32-x64\jre\21.0.10-win32-x86_64\bin\sunmscapi.dll
0x00007ffe90c90000 - 0x00007ffe90e07000 	C:\WINDOWS\System32\CRYPT32.dll
0x00007ffe90230000 - 0x00007ffe90260000 	C:\WINDOWS\SYSTEM32\ncrypt.dll
0x00007ffe901e0000 - 0x00007ffe9021f000 	C:\WINDOWS\SYSTEM32\NTASN1.dll
0x00007ffe8f1f0000 - 0x00007ffe8f322000 	C:\WINDOWS\SYSTEM32\DNSAPI.dll
0x00007ffe82060000 - 0x00007ffe8206b000 	C:\Windows\System32\rasadhlp.dll
0x00007ffe7f760000 - 0x00007ffe7f7e6000 	C:\WINDOWS\System32\fwpuclnt.dll
0x00007ffe7cbc0000 - 0x00007ffe7cbc9000 	C:\Users\Admin\.vscode\extensions\redhat.java-1.54.0-win32-x64\jre\21.0.10-win32-x86_64\bin\extnet.dll

JVMTI agents:
c:\Users\Admin\.vscode\extensions\redhat.java-1.54.0-win32-x64\lombok\lombok-1.18.39-4050.jar path:c:\Users\Admin\.vscode\extensions\redhat.java-1.54.0-win32-x64\jre\21.0.10-win32-x86_64\bin\instrument.dll, loaded, initialized, instrumentlib options:none

dbghelp: loaded successfully - version: 4.0.5 - missing functions: none
symbol engine: initialized successfully - sym options: 0x614 - pdb path: .;c:\Users\Admin\.vscode\extensions\redhat.java-1.54.0-win32-x64\jre\21.0.10-win32-x86_64\bin;C:\WINDOWS\SYSTEM32;C:\WINDOWS\WinSxS\amd64_microsoft.windows.common-controls_6595b64144ccf1df_6.0.26100.8115_none_3e075c82e3354f9c;c:\Users\Admin\.vscode\extensions\redhat.java-1.54.0-win32-x64\jre\21.0.10-win32-x86_64\bin\server;C:\Users\Admin\AppData\Roaming\Code\User\globalStorage\redhat.java\1.54.0\config_win\org.eclipse.equinox.launcher\org.eclipse.equinox.launcher.win32.win32.x86_64_1.3.0.v20260203-2149;C:\Users\Admin\AppData\Local\Temp\jna-63116079

VM Arguments:
jvm_args: --add-modules=ALL-SYSTEM --add-opens=java.base/java.util=ALL-UNNAMED --add-opens=java.base/java.lang=ALL-UNNAMED --add-opens=java.base/sun.nio.fs=ALL-UNNAMED -Declipse.application=org.eclipse.jdt.ls.core.id1 -Dosgi.bundles.defaultStartLevel=4 -Declipse.product=org.eclipse.jdt.ls.core.product -Djava.import.generatesMetadataFilesAtProjectRoot=false -DDetectVMInstallationsJob.disabled=true -Dfile.encoding=utf8 -XX:+UseParallelGC -XX:GCTimeRatio=4 -XX:AdaptiveSizePolicyWeight=90 -Dsun.zip.disableMemoryMapping=true -Xmx2G -Xms100m -Xlog:disable -javaagent:c:\Users\Admin\.vscode\extensions\redhat.java-1.54.0-win32-x64\lombok\lombok-1.18.39-4050.jar -XX:+HeapDumpOnOutOfMemoryError -XX:HeapDumpPath=c:\Users\Admin\AppData\Roaming\Code\User\workspaceStorage\fc297eb8c37c50de440fdb3ff4399418\redhat.java -Daether.dependencyCollector.impl=bf 
java_command: c:\Users\Admin\.vscode\extensions\redhat.java-1.54.0-win32-x64\server\plugins\org.eclipse.equinox.launcher_1.7.100.v20251111-0406.jar -configuration c:\Users\Admin\AppData\Roaming\Code\User\globalStorage\redhat.java\1.54.0\config_win -data c:\Users\Admin\AppData\Roaming\Code\User\workspaceStorage\fc297eb8c37c50de440fdb3ff4399418\redhat.java\jdt_ws --pipe=\\.\pipe\lsp-fa69d869e8f8ace31ec7abe918be8005-sock
java_class_path (initial): c:\Users\Admin\.vscode\extensions\redhat.java-1.54.0-win32-x64\server\plugins\org.eclipse.equinox.launcher_1.7.100.v20251111-0406.jar
Launcher Type: SUN_STANDARD

[Global flags]
    uintx AdaptiveSizePolicyWeight                 = 90                                        {product} {command line}
     intx CICompilerCount                          = 4                                         {product} {ergonomic}
    uintx GCTimeRatio                              = 4                                         {product} {command line}
     bool HeapDumpOnOutOfMemoryError               = true                                   {manageable} {command line}
    ccstr HeapDumpPath                             = c:\Users\Admin\AppData\Roaming\Code\User\workspaceStorage\fc297eb8c37c50de440fdb3ff4399418\redhat.java         {manageable} {command line}
   size_t InitialHeapSize                          = 104857600                                 {product} {command line}
   size_t MaxHeapSize                              = 2147483648                                {product} {command line}
   size_t MaxNewSize                               = 715653120                                 {product} {ergonomic}
   size_t MinHeapDeltaBytes                        = 524288                                    {product} {ergonomic}
   size_t MinHeapSize                              = 104857600                                 {product} {command line}
   size_t NewSize                                  = 34603008                                  {product} {ergonomic}
    uintx NonNMethodCodeHeapSize                   = 5839372                                {pd product} {ergonomic}
    uintx NonProfiledCodeHeapSize                  = 122909434                              {pd product} {ergonomic}
   size_t OldSize                                  = 70254592                                  {product} {ergonomic}
    uintx ProfiledCodeHeapSize                     = 122909434                              {pd product} {ergonomic}
    uintx ReservedCodeCacheSize                    = 251658240                              {pd product} {ergonomic}
     bool SegmentedCodeCache                       = true                                      {product} {ergonomic}
   size_t SoftMaxHeapSize                          = 2147483648                             {manageable} {ergonomic}
     bool UseCompressedOops                        = true                           {product lp64_product} {ergonomic}
     bool UseLargePagesIndividualAllocation        = false                                  {pd product} {ergonomic}
     bool UseParallelGC                            = true                                      {product} {command line}

Logging:
Log output configuration:
 #0: stdout all=off uptime,level,tags foldmultilines=false
 #1: stderr all=off uptime,level,tags foldmultilines=false

Release file:
JAVA_VERSION="21.0.10" 
MODULES="java.base java.compiler java.datatransfer java.xml java.prefs java.desktop java.instrument java.logging java.management java.security.sasl java.naming java.rmi java.management.rmi java.net.http java.scripting java.security.jgss java.transaction.xa java.sql java.sql.rowset java.xml.crypto java.se java.smartcardio jdk.accessibility jdk.internal.jvmstat jdk.attach jdk.charsets jdk.internal.opt jdk.zipfs jdk.compiler jdk.crypto.ec jdk.crypto.cryptoki jdk.crypto.mscapi jdk.dynalink jdk.internal.ed jdk.editpad jdk.hotspot.agent jdk.httpserver jdk.internal.le jdk.internal.vm.ci jdk.internal.vm.compiler jdk.internal.vm.compiler.management jdk.jartool jdk.javadoc jdk.jcmd jdk.management jdk.management.agent jdk.jconsole jdk.jdeps jdk.jdwp.agent jdk.jdi jdk.jfr jdk.jshell jdk.jsobject jdk.jstatd jdk.localedata jdk.management.jfr jdk.naming.dns jdk.naming.rmi jdk.net jdk.nio.mapmode jdk.random jdk.sctp jdk.security.auth jdk.security.jgss jdk.unsupported jdk.unsupported.desktop jdk.xml.dom" 

Environment Variables:
PATH=C:\Users\Admin\AppData\Local\Programs\Microsoft VS Code;C:\Program Files\Common Files\Oracle\Java\javapath;C:\WINDOWS\system32;C:\WINDOWS;C:\WINDOWS\System32\Wbem;C:\WINDOWS\System32\WindowsPowerShell\v1.0\;C:\WINDOWS\System32\OpenSSH\;C:\Program Files\Git\cmd;C:\Program Files\nodejs\;C:\Users\Admin\anaconda3;C:\Users\Admin\anaconda3\Scripts;C:\Users\Admin\anaconda3\Library\bin;C:\Program Files\MySQL\MySQL Shell 8.0\bin\;C:\Users\Admin\AppData\Local\Programs\Python\Python313\Scripts\;C:\Users\Admin\AppData\Local\Programs\Python\Python313\;C:\Users\Admin\AppData\Local\Microsoft\WindowsApps;C:\Users\Admin\AppData\Local\Programs\Microsoft VS Code\bin;C:\flutter\bin;This PC\Y21T\Internal storage;C:\Users\Admin\AppData\Local\Microsoft\WinGet\Packages\Astronomer.Astro_Microsoft.Winget.Source_8wekyb3d8bbwe;C:\Program Files\Azure Data Studio\bin;C:\Users\Admin\AppData\Roaming\npm;C:\Program Files\Git\bin;C:\Program Files\Git\cmd
USERNAME=Admin
OS=Windows_NT
PROCESSOR_IDENTIFIER=Intel64 Family 6 Model 142 Stepping 10, GenuineIntel
TMP=C:\Users\Admin\AppData\Local\Temp
TEMP=C:\Users\Admin\AppData\Local\Temp




Periodic native trim disabled

---------------  S Y S T E M  ---------------

OS:
 Windows 11 , 64 bit Build 26100 (10.0.26100.8246)
OS uptime: 1 days 13:39 hours
Hyper-V role detected

CPU: total 8 (initial active 8) (4 cores per cpu, 2 threads per core) family 6 model 142 stepping 10 microcode 0xf6, cx8, cmov, fxsr, ht, mmx, 3dnowpref, sse, sse2, sse3, ssse3, sse4.1, sse4.2, popcnt, lzcnt, tsc, tscinvbit, avx, avx2, aes, erms, clmul, bmi1, bmi2, rtm, adx, fma, vzeroupper, clflush, clflushopt, hv, rdtscp, f16c
Processor Information for processor 0
  Max Mhz: 2112, Current Mhz: 1508, Mhz Limit: 1900
Processor Information for processor 1
  Max Mhz: 2112, Current Mhz: 1508, Mhz Limit: 1900
Processor Information for processor 2
  Max Mhz: 2112, Current Mhz: 1910, Mhz Limit: 1900
Processor Information for processor 3
  Max Mhz: 2112, Current Mhz: 1508, Mhz Limit: 1900
Processor Information for processor 4
  Max Mhz: 2112, Current Mhz: 1910, Mhz Limit: 1900
Processor Information for processor 5
  Max Mhz: 2112, Current Mhz: 1508, Mhz Limit: 1900
Processor Information for processor 6
  Max Mhz: 2112, Current Mhz: 1910, Mhz Limit: 1900
Processor Information for processor 7
  Max Mhz: 2112, Current Mhz: 1508, Mhz Limit: 1900

Memory: 4k page, system-wide physical 16227M (3183M free)
TotalPageFile size 34051M (AvailPageFile size 0M)
current process WorkingSet (physical memory assigned to process): 48M, peak: 291M
current process commit charge ("private bytes"): 419M, peak: 430M

vm_info: OpenJDK 64-Bit Server VM (21.0.10+7-LTS) for windows-amd64 JRE (21.0.10+7-LTS), built on 2026-01-20T00:00:00Z by "admin" with MS VC++ 17.12 (VS2022)

END.
