#
# A fatal error has been detected by the Java Runtime Environment:
#
#  EXCEPTION_ACCESS_VIOLATION (0xc0000005) at pc=0x00007ffe7c931b65, pid=4068, tid=7316
#
# JRE version:  (21.0.10+7) (build )
# Java VM: OpenJDK 64-Bit Server VM (21.0.10+7-LTS, mixed mode, sharing, tiered, compressed class ptrs, unknown gc, windows-amd64)
# Problematic frame:
# C  [jimage.dll+0x1b65]
#
# No core dump will be written. Minidumps are not enabled by default on client versions of Windows
#
#

---------------  S U M M A R Y ------------

Command Line: 

Host: Intel(R) Core(TM) i7-8650U CPU @ 1.90GHz, 8 cores, 15G,  Windows 11 , 64 bit Build 26100 (10.0.26100.8246)
Time: Sun Apr 26 13:54:17 2026 India Standard Time elapsed time: 1.025867 seconds (0d 0h 0m 1s)

---------------  T H R E A D  ---------------

Current thread is native thread

Stack: [0x0000009a27900000,0x0000009a27a00000],  sp=0x0000009a279fe270,  free space=1016k
Native frames: (J=compiled Java code, j=interpreted, Vv=VM code, C=native code)
C  [jimage.dll+0x1b65]
C  [jimage.dll+0x1cef]
C  [jimage.dll+0x25b9]
V  [jvm.dll+0x221d52]
V  [jvm.dll+0xcae37]
V  [jvm.dll+0x867b5c]
V  [jvm.dll+0x457b31]
V  [jvm.dll+0x459721]
C  [jli.dll+0x52d0]
C  [ucrtbase.dll+0x37b0]
C  [KERNEL32.DLL+0x2e8d7]
C  [ntdll.dll+0x8c3fc]


siginfo: EXCEPTION_ACCESS_VIOLATION (0xc0000005), reading address 0x0000000000014a38


Registers:
RAX=0x00000000000007b3, RBX=0x0000009a279fe361, RCX=0x00007ffe7c936000, RDX=0x0000000000005287
RSP=0x0000009a279fe270, RBP=0x0000009a279fe360, RSI=0x0000000000007637, RDI=0x0000009a279fe360
R8 =0x00007ffe7c934298, R9 =0x000000000000001c, R10=0x00007ffe795b0000, R11=0x00007ffe7c936000
R12=0x0000000000000000, R13=0x0000009a279ffd90, R14=0x0000009a279ff3d0, R15=0x00007ffe55314558
RIP=0x00007ffe7c931b65, EFLAGS=0x0000000000010247

XMM[0]=0x0000000000000000 0x0000000000000000
XMM[1]=0x2f6d762f6c616e72 0x65746e692f6b646a
XMM[2]=0x736e6f6974706f2f 0x6d762f6c616e7265
XMM[3]=0x0000000000000000 0x0000000000000000
XMM[4]=0x0000000000000000 0x0000000000000000
XMM[5]=0x0000000000000000 0x0000000000000000
XMM[6]=0x0000000000000000 0x0000000000000000
XMM[7]=0x0000000000000000 0x0000000000000000
XMM[8]=0x0000000000000000 0x0000000000000000
XMM[9]=0x0000000000000000 0x0000000000000000
XMM[10]=0x0000000000000000 0x0000000000000000
XMM[11]=0x0000000000000000 0x0000000000000000
XMM[12]=0x0000000000000000 0x0000000000000000
XMM[13]=0x0000000000000000 0x0000000000000000
XMM[14]=0x0000000000000000 0x0000000000000000
XMM[15]=0x0000000000000000 0x0000000000000000
  MXCSR=0x00001f80


Top of Stack: (sp=0x0000009a279fe270)
0x0000009a279fe270:   00730076002e005c 0000009a279fe738
0x0000009a279fe280:   007400780065005c 00690073006e0065
0x0000009a279fe290:   00000209ce83dcb0 00007ffe7c931cef
0x0000009a279fe2a0:   000000000000000b 00000209ce83dcb0
0x0000009a279fe2b0:   00340035002e0031 0077002d0030002e
0x0000009a279fe2c0:   00320033006e0069 003400360078002d
0x0000009a279fe2d0:   00650072006a005c 002e00310032005c
0x0000009a279fe2e0:   00000064002e0030 006e00690077002d
0x0000009a279fe2f0:   0078002d00320033 0036005f00360038
0x0000009a279fe300:   000032d9d385a8c8 00650073005c006e
0x0000009a279fe310:   00007ffe552f1de0 0000000000000017
0x0000009a279fe320:   00000209ce83dcb0 0000009a279ff3d0
0x0000009a279fe330:   000000000000000b 00007ffe7c9325b9
0x0000009a279fe340:   0000000000000000 0000000000000000
0x0000009a279fe350:   00000209ce8281e0 0000000000000000
0x0000009a279fe360:   61622e6176616a2f 692f6b646a2f6573
0x0000009a279fe370:   2f6c616e7265746e 6f6974706f2f6d76
0x0000009a279fe380:   000000000000736e 0000000000000000
0x0000009a279fe390:   0000000000000000 0000000000000000
0x0000009a279fe3a0:   00000209ce827820 0000000000000000
0x0000009a279fe3b0:   0000000000000000 0000000000000000
0x0000009a279fe3c0:   0000000000000000 0000000000000000
0x0000009a279fe3d0:   0000000000000000 0000000000000000
0x0000009a279fe3e0:   0000000000000000 0000000000000000
0x0000009a279fe3f0:   0000000000000000 0000000000000000
0x0000009a279fe400:   0000000000000000 0000000000000000
0x0000009a279fe410:   0000000000000000 0000000000000000
0x0000009a279fe420:   0000000000000000 0000000000000000
0x0000009a279fe430:   0000000000000000 0000000000000000
0x0000009a279fe440:   0000000000000000 0000000000000000
0x0000009a279fe450:   0000000000000000 0000000000000000
0x0000009a279fe460:   0000000000000000 0000000000000000 

Instructions: (pc=0x00007ffe7c931b65)
0x00007ffe7c931a65:   48 85 c9 74 1d 80 3d 9f 45 00 00 00 74 06 48 8b
0x00007ffe7c931a75:   53 18 eb 04 48 8b 53 40 e8 92 0e 00 00 48 83 63
0x00007ffe7c931a85:   48 00 8b 4b 0c 83 f9 ff 74 09 e8 c8 0c 00 00 83
0x00007ffe7c931a95:   4b 0c ff 48 8b 4b 70 48 85 c9 74 0f ba 10 00 00
0x00007ffe7c931aa5:   00 e8 e9 0e 00 00 48 83 63 70 00 48 83 c4 20 5b
0x00007ffe7c931ab5:   c3 cc cc 40 53 48 83 ec 20 48 8b d9 48 8d 0d b8
0x00007ffe7c931ac5:   47 00 00 e8 97 0c 00 00 83 6b 08 01 75 24 48 8b
0x00007ffe7c931ad5:   d3 48 8d 0d 3b 45 00 00 e8 0a 08 00 00 48 8b cb
0x00007ffe7c931ae5:   e8 d6 fe ff ff ba 78 00 00 00 48 8b cb e8 9d 0e
0x00007ffe7c931af5:   00 00 48 8d 0d 82 47 00 00 48 83 c4 20 5b e9 64
0x00007ffe7c931b05:   0c 00 00 48 89 5c 24 08 48 89 74 24 10 57 48 83
0x00007ffe7c931b15:   ec 20 41 8b f1 4d 8b c8 48 8b fa 4c 8b d9 4d 85
0x00007ffe7c931b25:   c0 74 73 85 f6 74 6f 44 8a 12 48 8d 5a 01 48 8b
0x00007ffe7c931b35:   d3 b8 93 01 00 01 eb 12 69 c0 93 01 00 01 41 0f
0x00007ffe7c931b45:   b6 ca 44 8a 12 33 c1 48 ff c2 45 84 d2 75 e9 4d
0x00007ffe7c931b55:   8b 03 33 d2 0f ba f0 1f 49 8b cb f7 f6 48 63 d2
0x00007ffe7c931b65:   41 8b 14 91 41 ff 50 08 85 c0 7e 24 8a 0f eb 10
0x00007ffe7c931b75:   69 c0 93 01 00 01 0f b6 c9 33 c1 8a 0b 48 ff c3
0x00007ffe7c931b85:   84 c9 75 ec 0f ba f0 1f 33 d2 f7 f6 8b c2 eb 09
0x00007ffe7c931b95:   79 04 f7 d0 eb 03 83 c8 ff 48 8b 5c 24 30 48 8b
0x00007ffe7c931ba5:   74 24 38 48 83 c4 20 5f c3 cc cc 48 89 5c 24 08
0x00007ffe7c931bb5:   48 89 74 24 10 57 48 83 ec 20 48 8b f1 48 8d 0d
0x00007ffe7c931bc5:   b7 46 00 00 e8 96 0b 00 00 33 ff 39 3d 42 44 00
0x00007ffe7c931bd5:   00 76 24 48 8b 05 41 44 00 00 48 8b d6 48 8b 1c
0x00007ffe7c931be5:   f8 48 8b 0b e8 5c 1f 00 00 85 c0 74 2b ff c7 3b
0x00007ffe7c931bf5:   3d 1e 44 00 00 72 dc 33 db 48 8d 0d 7b 46 00 00
0x00007ffe7c931c05:   e8 62 0b 00 00 48 8b 74 24 38 48 8b c3 48 8b 5c
0x00007ffe7c931c15:   24 30 48 83 c4 20 5f c3 ff 43 08 eb dc cc cc 48
0x00007ffe7c931c25:   89 5c 24 08 48 89 74 24 10 57 48 83 ec 20 48 8b
0x00007ffe7c931c35:   d9 48 8b f2 48 8b 49 10 49 8b f8 8b 53 30 48 8b
0x00007ffe7c931c45:   01 ff 50 20 4c 8b 43 50 48 8b d6 48 8b 4b 10 44
0x00007ffe7c931c55:   8b c8 e8 ac fe ff ff 83 f8 ff 74 38 48 8b 4b 10 



---------------  P R O C E S S  ---------------

VM state: not at safepoint (not fully initialized)

VM Mutex/Monitor currently owned by a thread: None

CDS archive(s) mapped at: [0x0000000000000000-0x0000000000000000-0x0000000000000000), size 0, SharedBaseAddress: 0x0000000800000000, ArchiveRelocationMode: 1.
Narrow klass base: 0x0000000000000000, Narrow klass shift: 0, Narrow klass range: 0x0

GC Precious Log:
<Not initialized>


Dynamic libraries:
0x00007ff66b330000 - 0x00007ff66b33e000 	c:\Users\Admin\.vscode\extensions\redhat.java-1.54.0-win32-x64\jre\21.0.10-win32-x86_64\bin\java.exe
0x00007ffe94160000 - 0x00007ffe943c7000 	C:\WINDOWS\SYSTEM32\ntdll.dll
0x00007ffe934b0000 - 0x00007ffe93579000 	C:\WINDOWS\System32\KERNEL32.DLL
0x00007ffe90e10000 - 0x00007ffe91204000 	C:\WINDOWS\System32\KERNELBASE.dll
0x00007ffe91370000 - 0x00007ffe914bb000 	C:\WINDOWS\System32\ucrtbase.dll
0x00007ffe761f0000 - 0x00007ffe76208000 	c:\Users\Admin\.vscode\extensions\redhat.java-1.54.0-win32-x64\jre\21.0.10-win32-x86_64\bin\jli.dll
0x00007ffe795b0000 - 0x00007ffe795ce000 	c:\Users\Admin\.vscode\extensions\redhat.java-1.54.0-win32-x64\jre\21.0.10-win32-x86_64\bin\VCRUNTIME140.dll
0x00007ffe93d60000 - 0x00007ffe93f25000 	C:\WINDOWS\System32\USER32.dll
0x00007ffe90c60000 - 0x00007ffe90c87000 	C:\WINDOWS\System32\win32u.dll
0x00007ffe7d410000 - 0x00007ffe7d6a3000 	C:\WINDOWS\WinSxS\amd64_microsoft.windows.common-controls_6595b64144ccf1df_6.0.26100.8115_none_3e075c82e3354f9c\COMCTL32.dll
0x00007ffe92090000 - 0x00007ffe920bb000 	C:\WINDOWS\System32\GDI32.dll
0x00007ffe93690000 - 0x00007ffe93739000 	C:\WINDOWS\System32\msvcrt.dll
0x00007ffe91dc0000 - 0x00007ffe91eeb000 	C:\WINDOWS\System32\gdi32full.dll
0x00007ffe91210000 - 0x00007ffe912b3000 	C:\WINDOWS\System32\msvcp_win.dll
0x00007ffe920c0000 - 0x00007ffe920f2000 	C:\WINDOWS\System32\IMM32.DLL
0x00007ffe87d80000 - 0x00007ffe87d8c000 	c:\Users\Admin\.vscode\extensions\redhat.java-1.54.0-win32-x64\jre\21.0.10-win32-x86_64\bin\vcruntime140_1.dll
0x00007ffe76050000 - 0x00007ffe760dd000 	c:\Users\Admin\.vscode\extensions\redhat.java-1.54.0-win32-x64\jre\21.0.10-win32-x86_64\bin\msvcp140.dll
0x00007ffe54900000 - 0x00007ffe556a1000 	c:\Users\Admin\.vscode\extensions\redhat.java-1.54.0-win32-x64\jre\21.0.10-win32-x86_64\bin\server\jvm.dll
0x00007ffe91fd0000 - 0x00007ffe92086000 	C:\WINDOWS\System32\ADVAPI32.dll
0x00007ffe935e0000 - 0x00007ffe93687000 	C:\WINDOWS\System32\sechost.dll
0x00007ffe93f30000 - 0x00007ffe94048000 	C:\WINDOWS\System32\RPCRT4.dll
0x00007ffe94060000 - 0x00007ffe940e0000 	C:\WINDOWS\System32\WS2_32.dll
0x00007ffe90890000 - 0x00007ffe908ee000 	C:\WINDOWS\SYSTEM32\POWRPROF.dll
0x00007ffe760e0000 - 0x00007ffe76116000 	C:\WINDOWS\SYSTEM32\WINMM.dll
0x00007ffe85850000 - 0x00007ffe8585b000 	C:\WINDOWS\SYSTEM32\VERSION.dll
0x00007ffe90870000 - 0x00007ffe90884000 	C:\WINDOWS\SYSTEM32\UMPDC.dll
0x00007ffe8f780000 - 0x00007ffe8f79b000 	C:\WINDOWS\SYSTEM32\kernel.appcore.dll
0x00007ffe7c930000 - 0x00007ffe7c93a000 	c:\Users\Admin\.vscode\extensions\redhat.java-1.54.0-win32-x64\jre\21.0.10-win32-x86_64\bin\jimage.dll
0x00007ffe8eb20000 - 0x00007ffe8ed62000 	C:\WINDOWS\SYSTEM32\DBGHELP.DLL
0x00007ffe92960000 - 0x00007ffe92ce2000 	C:\WINDOWS\System32\combase.dll
0x00007ffe91ef0000 - 0x00007ffe91fc8000 	C:\WINDOWS\System32\OLEAUT32.dll
0x00007ffe7d6b0000 - 0x00007ffe7d6eb000 	C:\WINDOWS\SYSTEM32\dbgcore.DLL
0x00007ffe912c0000 - 0x00007ffe91365000 	C:\WINDOWS\System32\bcryptPrimitives.dll

JVMTI agents: none

dbghelp: loaded successfully - version: 4.0.5 - missing functions: none
symbol engine: initialized successfully - sym options: 0x614 - pdb path: .;c:\Users\Admin\.vscode\extensions\redhat.java-1.54.0-win32-x64\jre\21.0.10-win32-x86_64\bin;C:\WINDOWS\SYSTEM32;C:\WINDOWS\WinSxS\amd64_microsoft.windows.common-controls_6595b64144ccf1df_6.0.26100.8115_none_3e075c82e3354f9c;c:\Users\Admin\.vscode\extensions\redhat.java-1.54.0-win32-x64\jre\21.0.10-win32-x86_64\bin\server

VM Arguments:
java_command: <unknown>
java_class_path (initial): <not set>
Launcher Type: SUN_STANDARD

[Global flags]
     bool UseLargePagesIndividualAllocation        = false                                  {pd product} {ergonomic}

Logging:
Log output configuration:
 #0: stdout all=warning uptime,level,tags foldmultilines=false
 #1: stderr all=off uptime,level,tags foldmultilines=false

Release file:
<release file has not been read>
Environment Variables:
PATH=C:\Users\Admin\AppData\Local\Programs\Microsoft VS Code;C:\Program Files\Common Files\Oracle\Java\javapath;C:\WINDOWS\system32;C:\WINDOWS;C:\WINDOWS\System32\Wbem;C:\WINDOWS\System32\WindowsPowerShell\v1.0\;C:\WINDOWS\System32\OpenSSH\;C:\Program Files\Git\cmd;C:\Program Files\nodejs\;C:\Users\Admin\anaconda3;C:\Users\Admin\anaconda3\Scripts;C:\Users\Admin\anaconda3\Library\bin;C:\Program Files\MySQL\MySQL Shell 8.0\bin\;C:\Users\Admin\AppData\Local\Programs\Python\Python313\Scripts\;C:\Users\Admin\AppData\Local\Programs\Python\Python313\;C:\Users\Admin\AppData\Local\Microsoft\WindowsApps;C:\Users\Admin\AppData\Local\Programs\Microsoft VS Code\bin;C:\flutter\bin;This PC\Y21T\Internal storage;C:\Users\Admin\AppData\Local\Microsoft\WinGet\Packages\Astronomer.Astro_Microsoft.Winget.Source_8wekyb3d8bbwe;C:\Program Files\Azure Data Studio\bin;C:\Users\Admin\AppData\Roaming\npm;C:\Program Files\Git\bin;C:\Program Files\Git\cmd
USERNAME=Admin
OS=Windows_NT
PROCESSOR_IDENTIFIER=Intel64 Family 6 Model 142 Stepping 10, GenuineIntel
TMP=C:\Users\Admin\AppData\Local\Temp
TEMP=C:\Users\Admin\AppData\Local\Temp




Periodic native trim disabled

---------------  S Y S T E M  ---------------

OS:
 Windows 11 , 64 bit Build 26100 (10.0.26100.8246)
OS uptime: 1 days 13:39 hours

CPU: total 8 (initial active 0) 
Processor Information for processor 0
  Max Mhz: 2112, Current Mhz: 1508, Mhz Limit: 1900
Processor Information for processor 1
  Max Mhz: 2112, Current Mhz: 1910, Mhz Limit: 1900
Processor Information for processor 2
  Max Mhz: 2112, Current Mhz: 1508, Mhz Limit: 1900
Processor Information for processor 3
  Max Mhz: 2112, Current Mhz: 1508, Mhz Limit: 1900
Processor Information for processor 4
  Max Mhz: 2112, Current Mhz: 1508, Mhz Limit: 1900
Processor Information for processor 5
  Max Mhz: 2112, Current Mhz: 1508, Mhz Limit: 1900
Processor Information for processor 6
  Max Mhz: 2112, Current Mhz: 1508, Mhz Limit: 1900
Processor Information for processor 7
  Max Mhz: 2112, Current Mhz: 1910, Mhz Limit: 1900

Memory: 4k page, system-wide physical 16227M (3131M free)
TotalPageFile size 34051M (AvailPageFile size 0M)
current process WorkingSet (physical memory assigned to process): 10M, peak: 10M
current process commit charge ("private bytes"): 3M, peak: 3M

vm_info: OpenJDK 64-Bit Server VM (21.0.10+7-LTS) for windows-amd64 JRE (21.0.10+7-LTS), built on 2026-01-20T00:00:00Z by "admin" with MS VC++ 17.12 (VS2022)

END.
